[debug] [2025-07-22T11:20:23.562Z] ----------------------------------------------------------------------
[debug] [2025-07-22T11:20:23.564Z] Command:       /opt/homebrew/Cellar/node/24.1.0/bin/node /opt/homebrew/bin/firebase emulators:start --only firestore
[debug] [2025-07-22T11:20:23.564Z] CLI Version:   14.11.0
[debug] [2025-07-22T11:20:23.564Z] Platform:      darwin
[debug] [2025-07-22T11:20:23.564Z] Node Version:  v24.1.0
[debug] [2025-07-22T11:20:23.565Z] Time:          Tue Jul 22 2025 14:20:23 GMT+0300 (Eastern European Summer Time)
[debug] [2025-07-22T11:20:23.565Z] ----------------------------------------------------------------------
[debug] 
[debug] [2025-07-22T11:20:23.665Z] > command requires scopes: ["email","openid","https://www.googleapis.com/auth/cloudplatformprojects.readonly","https://www.googleapis.com/auth/firebase","https://www.googleapis.com/auth/cloud-platform"]
[debug] [2025-07-22T11:20:23.665Z] > authorizing via signed-in user (pham.hoang27022006@gmail.com)
[debug] [2025-07-22T11:20:24.433Z] openjdk version "21.0.7" 2025-04-15 LTS

[debug] [2025-07-22T11:20:24.433Z] OpenJDK Runtime Environment Temurin-21.0.7+6 (build 21.0.7+6-LTS)
OpenJDK 64-Bit Server VM Temurin-21.0.7+6 (build 21.0.7+6-LTS, mixed mode, sharing)

[debug] [2025-07-22T11:20:24.438Z] Parsed Java major version: 21
[info] i  emulators: Starting emulators: firestore {"metadata":{"emulator":{"name":"hub"},"message":"Starting emulators: firestore"}}
[debug] [2025-07-22T11:20:24.717Z] [logging] Logging Emulator only supports listening on one address (127.0.0.1). Not listening on ::1
[debug] [2025-07-22T11:20:24.717Z] [firestore] Firestore Emulator only supports listening on one address (127.0.0.1). Not listening on ::1
[debug] [2025-07-22T11:20:24.717Z] [firestore.websocket] websocket server for firestore only supports listening on one address (127.0.0.1). Not listening on ::1
[debug] [2025-07-22T11:20:24.717Z] assigned listening specs for emulators {"user":{"hub":[{"address":"127.0.0.1","family":"IPv4","port":4400},{"address":"::1","family":"IPv6","port":4400}],"ui":[{"address":"127.0.0.1","family":"IPv4","port":4000},{"address":"::1","family":"IPv6","port":4000}],"logging":[{"address":"127.0.0.1","family":"IPv4","port":4500}],"firestore":[{"address":"127.0.0.1","family":"IPv4","port":8080}],"firestore.websocket":[{"address":"127.0.0.1","family":"IPv4","port":9150}]},"metadata":{"message":"assigned listening specs for emulators"}}
[debug] [2025-07-22T11:20:24.721Z] [hub] writing locator at /var/folders/hz/5y6k7zc54jv8fhqm4j1_4gym0000gn/T/hub-netflix-clone-62aec.json
[debug] [2025-07-22T11:20:24.724Z] Ignoring unsupported arg: auto_download {"metadata":{"emulator":{"name":"firestore"},"message":"Ignoring unsupported arg: auto_download"}}
[debug] [2025-07-22T11:20:24.724Z] Ignoring unsupported arg: single_project_mode_error {"metadata":{"emulator":{"name":"firestore"},"message":"Ignoring unsupported arg: single_project_mode_error"}}
[debug] [2025-07-22T11:20:24.724Z] Starting Firestore Emulator with command {"binary":"java","args":["-Dgoogle.cloud_firestore.debug_log_level=FINE","-Duser.language=en","-jar","/Users/phamhoang/.cache/firebase/emulators/cloud-firestore-emulator-v1.19.8.jar","--host","127.0.0.1","--port",8080,"--websocket_port",9150,"--project_id","netflix-clone-62aec","--rules","/Users/phamhoang/Documents/GitHub/Netflix-clone/firestore.rules","--single_project_mode",true],"optionalArgs":["port","webchannel_port","host","rules","websocket_port","functions_emulator","seed_from_export","project_id","single_project_mode"],"joinArgs":false,"shell":false,"port":8080} {"metadata":{"emulator":{"name":"firestore"},"message":"Starting Firestore Emulator with command {\"binary\":\"java\",\"args\":[\"-Dgoogle.cloud_firestore.debug_log_level=FINE\",\"-Duser.language=en\",\"-jar\",\"/Users/phamhoang/.cache/firebase/emulators/cloud-firestore-emulator-v1.19.8.jar\",\"--host\",\"127.0.0.1\",\"--port\",8080,\"--websocket_port\",9150,\"--project_id\",\"netflix-clone-62aec\",\"--rules\",\"/Users/phamhoang/Documents/GitHub/Netflix-clone/firestore.rules\",\"--single_project_mode\",true],\"optionalArgs\":[\"port\",\"webchannel_port\",\"host\",\"rules\",\"websocket_port\",\"functions_emulator\",\"seed_from_export\",\"project_id\",\"single_project_mode\"],\"joinArgs\":false,\"shell\":false,\"port\":8080}"}}
[info] i  firestore: Firestore Emulator logging to firestore-debug.log {"metadata":{"emulator":{"name":"firestore"},"message":"Firestore Emulator logging to \u001b[1mfirestore-debug.log\u001b[22m"}}
[debug] [2025-07-22T11:20:25.412Z] Jul 22, 2025 2:20:25 PM com.google.cloud.datastore.emulator.firestore.websocket.WebSocketServer start
INFO: Started WebSocket server on ws://127.0.0.1:9150
 {"metadata":{"emulator":{"name":"firestore"},"message":"Jul 22, 2025 2:20:25 PM com.google.cloud.datastore.emulator.firestore.websocket.WebSocketServer start\nINFO: Started WebSocket server on ws://127.0.0.1:9150\n"}}
[debug] [2025-07-22T11:20:25.425Z] API endpoint: http:// {"metadata":{"emulator":{"name":"firestore"},"message":"API endpoint: http://"}}
[debug] [2025-07-22T11:20:25.425Z] 127.0.0.1:8080
If you are using a library that supports the FIRESTORE_EMULATOR_HOST environment variable, run:

   export FIRESTORE_EMULATOR_HOST=127.0.0.1:8080

If you are running a Firestore in Datastore Mode project, run:

   export DATASTORE_EMULATOR_HOST=127.0.0.1:8080

Note: Support for Datastore Mode is in preview. If you encounter any bugs please file at https://github.com/firebase/firebase-tools/issues.
Dev App Server is now running.

 {"metadata":{"emulator":{"name":"firestore"},"message":"127.0.0.1:8080\nIf you are using a library that supports the FIRESTORE_EMULATOR_HOST environment variable, run:\n\n   export FIRESTORE_EMULATOR_HOST=127.0.0.1:8080\n\nIf you are running a Firestore in Datastore Mode project, run:\n\n   export DATASTORE_EMULATOR_HOST=127.0.0.1:8080\n\nNote: Support for Datastore Mode is in preview. If you encounter any bugs please file at https://github.com/firebase/firebase-tools/issues.\nDev App Server is now running.\n\n"}}
[info] ✔  firestore: Firestore Emulator UI websocket is running on 9150. {"metadata":{"emulator":{"name":"firestore"},"message":"Firestore Emulator UI websocket is running on 9150."}}
[info] i  ui: downloading ui-v1.15.0.zip... {"metadata":{"emulator":{"name":"ui"},"message":"downloading ui-v1.15.0.zip..."}}
[debug] [2025-07-22T11:20:25.537Z] >>> [apiv2][query] GET https://storage.googleapis.com/firebase-preview-drop/emulator/ui-v1.15.0.zip 
[debug] [2025-07-22T11:20:25.616Z] <<< [apiv2][status] GET https://storage.googleapis.com/firebase-preview-drop/emulator/ui-v1.15.0.zip 200
[debug] [2025-07-22T11:20:25.616Z] <<< [apiv2][body] GET https://storage.googleapis.com/firebase-preview-drop/emulator/ui-v1.15.0.zip [stream]
[debug] [2025-07-22T11:20:25.856Z] Data is 3538469
[debug] [2025-07-22T11:20:25.856Z] [unzip] Entry: client/ (compressed_size=0 bytes, uncompressed_size=0 bytes)
[debug] [2025-07-22T11:20:25.856Z] [unzip] Processing entry: client/
[debug] [2025-07-22T11:20:25.856Z] [unzip] mkdir: /Users/phamhoang/.cache/firebase/emulators/ui-v1.15.0/client/
[debug] [2025-07-22T11:20:25.857Z] [unzip] Entry: client/favicon-16x16.png (compressed_size=293 bytes, uncompressed_size=293 bytes)
[debug] [2025-07-22T11:20:25.857Z] [unzip] Processing entry: client/favicon-16x16.png
[debug] [2025-07-22T11:20:25.857Z] [unzip] else mkdir: /Users/phamhoang/.cache/firebase/emulators/ui-v1.15.0/client
[debug] [2025-07-22T11:20:25.857Z] [unzip] Writing file: /Users/phamhoang/.cache/firebase/emulators/ui-v1.15.0/client/favicon-16x16.png
[debug] [2025-07-22T11:20:25.857Z] [unzip] Entry: client/safari-pinned-tab.svg (compressed_size=1433 bytes, uncompressed_size=2611 bytes)
[debug] [2025-07-22T11:20:25.857Z] [unzip] Processing entry: client/safari-pinned-tab.svg
[debug] [2025-07-22T11:20:25.857Z] [unzip] else mkdir: /Users/phamhoang/.cache/firebase/emulators/ui-v1.15.0/client
[debug] [2025-07-22T11:20:25.857Z] [unzip] deflating: /Users/phamhoang/.cache/firebase/emulators/ui-v1.15.0/client/safari-pinned-tab.svg
[debug] [2025-07-22T11:20:25.859Z] [unzip] Entry: client/favicon.ico (compressed_size=2933 bytes, uncompressed_size=13294 bytes)
[debug] [2025-07-22T11:20:25.859Z] [unzip] Processing entry: client/favicon.ico
[debug] [2025-07-22T11:20:25.859Z] [unzip] else mkdir: /Users/phamhoang/.cache/firebase/emulators/ui-v1.15.0/client
[debug] [2025-07-22T11:20:25.859Z] [unzip] deflating: /Users/phamhoang/.cache/firebase/emulators/ui-v1.15.0/client/favicon.ico
[debug] [2025-07-22T11:20:25.860Z] [unzip] Entry: client/index.html (compressed_size=1364 bytes, uncompressed_size=3071 bytes)
[debug] [2025-07-22T11:20:25.860Z] [unzip] Processing entry: client/index.html
[debug] [2025-07-22T11:20:25.860Z] [unzip] else mkdir: /Users/phamhoang/.cache/firebase/emulators/ui-v1.15.0/client
[debug] [2025-07-22T11:20:25.860Z] [unzip] deflating: /Users/phamhoang/.cache/firebase/emulators/ui-v1.15.0/client/index.html
[debug] [2025-07-22T11:20:25.861Z] [unzip] Entry: client/android-chrome-192x192.png (compressed_size=2684 bytes, uncompressed_size=2684 bytes)
[debug] [2025-07-22T11:20:25.861Z] [unzip] Processing entry: client/android-chrome-192x192.png
[debug] [2025-07-22T11:20:25.861Z] [unzip] else mkdir: /Users/phamhoang/.cache/firebase/emulators/ui-v1.15.0/client
[debug] [2025-07-22T11:20:25.861Z] [unzip] Writing file: /Users/phamhoang/.cache/firebase/emulators/ui-v1.15.0/client/android-chrome-192x192.png
[debug] [2025-07-22T11:20:25.861Z] [unzip] Entry: client/apple-touch-icon.png (compressed_size=2123 bytes, uncompressed_size=2152 bytes)
[debug] [2025-07-22T11:20:25.861Z] [unzip] Processing entry: client/apple-touch-icon.png
[debug] [2025-07-22T11:20:25.861Z] [unzip] else mkdir: /Users/phamhoang/.cache/firebase/emulators/ui-v1.15.0/client
[debug] [2025-07-22T11:20:25.861Z] [unzip] deflating: /Users/phamhoang/.cache/firebase/emulators/ui-v1.15.0/client/apple-touch-icon.png
[debug] [2025-07-22T11:20:25.862Z] [unzip] Entry: client/android-chrome-512x512.png (compressed_size=5369 bytes, uncompressed_size=5411 bytes)
[debug] [2025-07-22T11:20:25.862Z] [unzip] Processing entry: client/android-chrome-512x512.png
[debug] [2025-07-22T11:20:25.862Z] [unzip] else mkdir: /Users/phamhoang/.cache/firebase/emulators/ui-v1.15.0/client
[debug] [2025-07-22T11:20:25.862Z] [unzip] deflating: /Users/phamhoang/.cache/firebase/emulators/ui-v1.15.0/client/android-chrome-512x512.png
[debug] [2025-07-22T11:20:25.862Z] [unzip] Entry: client/manifest.json (compressed_size=245 bytes, uncompressed_size=551 bytes)
[debug] [2025-07-22T11:20:25.862Z] [unzip] Processing entry: client/manifest.json
[debug] [2025-07-22T11:20:25.862Z] [unzip] else mkdir: /Users/phamhoang/.cache/firebase/emulators/ui-v1.15.0/client
[debug] [2025-07-22T11:20:25.862Z] [unzip] deflating: /Users/phamhoang/.cache/firebase/emulators/ui-v1.15.0/client/manifest.json
[debug] [2025-07-22T11:20:25.863Z] [unzip] Entry: client/robots.txt (compressed_size=26 bytes, uncompressed_size=26 bytes)
[debug] [2025-07-22T11:20:25.863Z] [unzip] Processing entry: client/robots.txt
[debug] [2025-07-22T11:20:25.863Z] [unzip] else mkdir: /Users/phamhoang/.cache/firebase/emulators/ui-v1.15.0/client
[debug] [2025-07-22T11:20:25.863Z] [unzip] Writing file: /Users/phamhoang/.cache/firebase/emulators/ui-v1.15.0/client/robots.txt
[debug] [2025-07-22T11:20:25.863Z] [unzip] Entry: client/mstile-150x150.png (compressed_size=2034 bytes, uncompressed_size=2034 bytes)
[debug] [2025-07-22T11:20:25.863Z] [unzip] Processing entry: client/mstile-150x150.png
[debug] [2025-07-22T11:20:25.863Z] [unzip] else mkdir: /Users/phamhoang/.cache/firebase/emulators/ui-v1.15.0/client
[debug] [2025-07-22T11:20:25.863Z] [unzip] Writing file: /Users/phamhoang/.cache/firebase/emulators/ui-v1.15.0/client/mstile-150x150.png
[debug] [2025-07-22T11:20:25.863Z] [unzip] Entry: client/assets/ (compressed_size=0 bytes, uncompressed_size=0 bytes)
[debug] [2025-07-22T11:20:25.863Z] [unzip] Processing entry: client/assets/
[debug] [2025-07-22T11:20:25.863Z] [unzip] mkdir: /Users/phamhoang/.cache/firebase/emulators/ui-v1.15.0/client/assets/
[debug] [2025-07-22T11:20:25.864Z] [unzip] Entry: client/assets/index-BX-A56oj.js (compressed_size=582089 bytes, uncompressed_size=2092775 bytes)
[debug] [2025-07-22T11:20:25.864Z] [unzip] Processing entry: client/assets/index-BX-A56oj.js
[debug] [2025-07-22T11:20:25.864Z] [unzip] else mkdir: /Users/phamhoang/.cache/firebase/emulators/ui-v1.15.0/client/assets
[debug] [2025-07-22T11:20:25.864Z] [unzip] deflating: /Users/phamhoang/.cache/firebase/emulators/ui-v1.15.0/client/assets/index-BX-A56oj.js
[debug] [2025-07-22T11:20:25.874Z] [unzip] Entry: client/assets/index-CjB9C900.css (compressed_size=35979 bytes, uncompressed_size=298654 bytes)
[debug] [2025-07-22T11:20:25.874Z] [unzip] Processing entry: client/assets/index-CjB9C900.css
[debug] [2025-07-22T11:20:25.874Z] [unzip] else mkdir: /Users/phamhoang/.cache/firebase/emulators/ui-v1.15.0/client/assets
[debug] [2025-07-22T11:20:25.874Z] [unzip] deflating: /Users/phamhoang/.cache/firebase/emulators/ui-v1.15.0/client/assets/index-CjB9C900.css
[debug] [2025-07-22T11:20:25.875Z] [unzip] Entry: client/assets/index-BX-A56oj.js.map (compressed_size=2362482 bytes, uncompressed_size=10036679 bytes)
[debug] [2025-07-22T11:20:25.875Z] [unzip] Processing entry: client/assets/index-BX-A56oj.js.map
[debug] [2025-07-22T11:20:25.875Z] [unzip] else mkdir: /Users/phamhoang/.cache/firebase/emulators/ui-v1.15.0/client/assets
[debug] [2025-07-22T11:20:25.875Z] [unzip] deflating: /Users/phamhoang/.cache/firebase/emulators/ui-v1.15.0/client/assets/index-BX-A56oj.js.map
[debug] [2025-07-22T11:20:25.914Z] [unzip] Entry: client/assets/extensions/ (compressed_size=0 bytes, uncompressed_size=0 bytes)
[debug] [2025-07-22T11:20:25.914Z] [unzip] Processing entry: client/assets/extensions/
[debug] [2025-07-22T11:20:25.914Z] [unzip] mkdir: /Users/phamhoang/.cache/firebase/emulators/ui-v1.15.0/client/assets/extensions/
[debug] [2025-07-22T11:20:25.914Z] [unzip] Entry: client/assets/extensions/default-extension.png (compressed_size=1646 bytes, uncompressed_size=1657 bytes)
[debug] [2025-07-22T11:20:25.914Z] [unzip] Processing entry: client/assets/extensions/default-extension.png
[debug] [2025-07-22T11:20:25.914Z] [unzip] else mkdir: /Users/phamhoang/.cache/firebase/emulators/ui-v1.15.0/client/assets/extensions
[debug] [2025-07-22T11:20:25.914Z] [unzip] deflating: /Users/phamhoang/.cache/firebase/emulators/ui-v1.15.0/client/assets/extensions/default-extension.png
[debug] [2025-07-22T11:20:25.915Z] [unzip] Entry: client/assets/img/ (compressed_size=0 bytes, uncompressed_size=0 bytes)
[debug] [2025-07-22T11:20:25.915Z] [unzip] Processing entry: client/assets/img/
[debug] [2025-07-22T11:20:25.915Z] [unzip] mkdir: /Users/phamhoang/.cache/firebase/emulators/ui-v1.15.0/client/assets/img/
[debug] [2025-07-22T11:20:25.915Z] [unzip] Entry: client/assets/img/database.png (compressed_size=29449 bytes, uncompressed_size=29988 bytes)
[debug] [2025-07-22T11:20:25.915Z] [unzip] Processing entry: client/assets/img/database.png
[debug] [2025-07-22T11:20:25.915Z] [unzip] else mkdir: /Users/phamhoang/.cache/firebase/emulators/ui-v1.15.0/client/assets/img
[debug] [2025-07-22T11:20:25.915Z] [unzip] deflating: /Users/phamhoang/.cache/firebase/emulators/ui-v1.15.0/client/assets/img/database.png
[debug] [2025-07-22T11:20:25.915Z] [unzip] Entry: client/assets/provider-icons/ (compressed_size=0 bytes, uncompressed_size=0 bytes)
[debug] [2025-07-22T11:20:25.915Z] [unzip] Processing entry: client/assets/provider-icons/
[debug] [2025-07-22T11:20:25.915Z] [unzip] mkdir: /Users/phamhoang/.cache/firebase/emulators/ui-v1.15.0/client/assets/provider-icons/
[debug] [2025-07-22T11:20:25.916Z] [unzip] Entry: client/assets/provider-icons/auth_service_saml.svg (compressed_size=575 bytes, uncompressed_size=1226 bytes)
[debug] [2025-07-22T11:20:25.916Z] [unzip] Processing entry: client/assets/provider-icons/auth_service_saml.svg
[debug] [2025-07-22T11:20:25.916Z] [unzip] else mkdir: /Users/phamhoang/.cache/firebase/emulators/ui-v1.15.0/client/assets/provider-icons
[debug] [2025-07-22T11:20:25.916Z] [unzip] deflating: /Users/phamhoang/.cache/firebase/emulators/ui-v1.15.0/client/assets/provider-icons/auth_service_saml.svg
[debug] [2025-07-22T11:20:25.916Z] [unzip] Entry: client/assets/provider-icons/auth_service_phone.svg (compressed_size=261 bytes, uncompressed_size=414 bytes)
[debug] [2025-07-22T11:20:25.916Z] [unzip] Processing entry: client/assets/provider-icons/auth_service_phone.svg
[debug] [2025-07-22T11:20:25.916Z] [unzip] else mkdir: /Users/phamhoang/.cache/firebase/emulators/ui-v1.15.0/client/assets/provider-icons
[debug] [2025-07-22T11:20:25.916Z] [unzip] deflating: /Users/phamhoang/.cache/firebase/emulators/ui-v1.15.0/client/assets/provider-icons/auth_service_phone.svg
[debug] [2025-07-22T11:20:25.916Z] [unzip] Entry: client/assets/provider-icons/auth_service_facebook.svg (compressed_size=289 bytes, uncompressed_size=457 bytes)
[debug] [2025-07-22T11:20:25.916Z] [unzip] Processing entry: client/assets/provider-icons/auth_service_facebook.svg
[debug] [2025-07-22T11:20:25.916Z] [unzip] else mkdir: /Users/phamhoang/.cache/firebase/emulators/ui-v1.15.0/client/assets/provider-icons
[debug] [2025-07-22T11:20:25.917Z] [unzip] deflating: /Users/phamhoang/.cache/firebase/emulators/ui-v1.15.0/client/assets/provider-icons/auth_service_facebook.svg
[debug] [2025-07-22T11:20:25.917Z] [unzip] Entry: client/assets/provider-icons/auth_service_game_center.svg (compressed_size=991 bytes, uncompressed_size=3921 bytes)
[debug] [2025-07-22T11:20:25.917Z] [unzip] Processing entry: client/assets/provider-icons/auth_service_game_center.svg
[debug] [2025-07-22T11:20:25.917Z] [unzip] else mkdir: /Users/phamhoang/.cache/firebase/emulators/ui-v1.15.0/client/assets/provider-icons
[debug] [2025-07-22T11:20:25.917Z] [unzip] deflating: /Users/phamhoang/.cache/firebase/emulators/ui-v1.15.0/client/assets/provider-icons/auth_service_game_center.svg
[debug] [2025-07-22T11:20:25.917Z] [unzip] Entry: client/assets/provider-icons/auth_service_apple.svg (compressed_size=230 bytes, uncompressed_size=334 bytes)
[debug] [2025-07-22T11:20:25.917Z] [unzip] Processing entry: client/assets/provider-icons/auth_service_apple.svg
[debug] [2025-07-22T11:20:25.917Z] [unzip] else mkdir: /Users/phamhoang/.cache/firebase/emulators/ui-v1.15.0/client/assets/provider-icons
[debug] [2025-07-22T11:20:25.918Z] [unzip] deflating: /Users/phamhoang/.cache/firebase/emulators/ui-v1.15.0/client/assets/provider-icons/auth_service_apple.svg
[debug] [2025-07-22T11:20:25.918Z] [unzip] Entry: client/assets/provider-icons/auth_service_github.svg (compressed_size=466 bytes, uncompressed_size=838 bytes)
[debug] [2025-07-22T11:20:25.918Z] [unzip] Processing entry: client/assets/provider-icons/auth_service_github.svg
[debug] [2025-07-22T11:20:25.918Z] [unzip] else mkdir: /Users/phamhoang/.cache/firebase/emulators/ui-v1.15.0/client/assets/provider-icons
[debug] [2025-07-22T11:20:25.918Z] [unzip] deflating: /Users/phamhoang/.cache/firebase/emulators/ui-v1.15.0/client/assets/provider-icons/auth_service_github.svg
[debug] [2025-07-22T11:20:25.918Z] [unzip] Entry: client/assets/provider-icons/auth_service_mslive.svg (compressed_size=203 bytes, uncompressed_size=378 bytes)
[debug] [2025-07-22T11:20:25.918Z] [unzip] Processing entry: client/assets/provider-icons/auth_service_mslive.svg
[debug] [2025-07-22T11:20:25.918Z] [unzip] else mkdir: /Users/phamhoang/.cache/firebase/emulators/ui-v1.15.0/client/assets/provider-icons
[debug] [2025-07-22T11:20:25.918Z] [unzip] deflating: /Users/phamhoang/.cache/firebase/emulators/ui-v1.15.0/client/assets/provider-icons/auth_service_mslive.svg
[debug] [2025-07-22T11:20:25.924Z] [unzip] Entry: client/assets/provider-icons/auth_service_yahoo.svg (compressed_size=577 bytes, uncompressed_size=1182 bytes)
[debug] [2025-07-22T11:20:25.924Z] [unzip] Processing entry: client/assets/provider-icons/auth_service_yahoo.svg
[debug] [2025-07-22T11:20:25.924Z] [unzip] else mkdir: /Users/phamhoang/.cache/firebase/emulators/ui-v1.15.0/client/assets/provider-icons
[debug] [2025-07-22T11:20:25.925Z] [unzip] deflating: /Users/phamhoang/.cache/firebase/emulators/ui-v1.15.0/client/assets/provider-icons/auth_service_yahoo.svg
[debug] [2025-07-22T11:20:25.927Z] [unzip] Entry: client/assets/provider-icons/auth_service_twitter.svg (compressed_size=444 bytes, uncompressed_size=751 bytes)
[debug] [2025-07-22T11:20:25.927Z] [unzip] Processing entry: client/assets/provider-icons/auth_service_twitter.svg
[debug] [2025-07-22T11:20:25.927Z] [unzip] else mkdir: /Users/phamhoang/.cache/firebase/emulators/ui-v1.15.0/client/assets/provider-icons
[debug] [2025-07-22T11:20:25.928Z] [unzip] deflating: /Users/phamhoang/.cache/firebase/emulators/ui-v1.15.0/client/assets/provider-icons/auth_service_twitter.svg
[debug] [2025-07-22T11:20:25.930Z] [unzip] Entry: client/assets/provider-icons/auth_service_play_games.svg (compressed_size=565 bytes, uncompressed_size=1173 bytes)
[debug] [2025-07-22T11:20:25.930Z] [unzip] Processing entry: client/assets/provider-icons/auth_service_play_games.svg
[debug] [2025-07-22T11:20:25.930Z] [unzip] else mkdir: /Users/phamhoang/.cache/firebase/emulators/ui-v1.15.0/client/assets/provider-icons
[debug] [2025-07-22T11:20:25.931Z] [unzip] deflating: /Users/phamhoang/.cache/firebase/emulators/ui-v1.15.0/client/assets/provider-icons/auth_service_play_games.svg
[debug] [2025-07-22T11:20:25.933Z] [unzip] Entry: client/assets/provider-icons/auth_service_email.svg (compressed_size=228 bytes, uncompressed_size=326 bytes)
[debug] [2025-07-22T11:20:25.933Z] [unzip] Processing entry: client/assets/provider-icons/auth_service_email.svg
[debug] [2025-07-22T11:20:25.933Z] [unzip] else mkdir: /Users/phamhoang/.cache/firebase/emulators/ui-v1.15.0/client/assets/provider-icons
[debug] [2025-07-22T11:20:25.933Z] [unzip] deflating: /Users/phamhoang/.cache/firebase/emulators/ui-v1.15.0/client/assets/provider-icons/auth_service_email.svg
[debug] [2025-07-22T11:20:25.936Z] [unzip] Entry: client/assets/provider-icons/auth_service_google.svg (compressed_size=409 bytes, uncompressed_size=720 bytes)
[debug] [2025-07-22T11:20:25.936Z] [unzip] Processing entry: client/assets/provider-icons/auth_service_google.svg
[debug] [2025-07-22T11:20:25.936Z] [unzip] else mkdir: /Users/phamhoang/.cache/firebase/emulators/ui-v1.15.0/client/assets/provider-icons
[debug] [2025-07-22T11:20:25.937Z] [unzip] deflating: /Users/phamhoang/.cache/firebase/emulators/ui-v1.15.0/client/assets/provider-icons/auth_service_google.svg
[debug] [2025-07-22T11:20:25.939Z] [unzip] Entry: client/assets/provider-icons/auth_service_oidc.svg (compressed_size=414 bytes, uncompressed_size=858 bytes)
[debug] [2025-07-22T11:20:25.939Z] [unzip] Processing entry: client/assets/provider-icons/auth_service_oidc.svg
[debug] [2025-07-22T11:20:25.939Z] [unzip] else mkdir: /Users/phamhoang/.cache/firebase/emulators/ui-v1.15.0/client/assets/provider-icons
[debug] [2025-07-22T11:20:25.940Z] [unzip] deflating: /Users/phamhoang/.cache/firebase/emulators/ui-v1.15.0/client/assets/provider-icons/auth_service_oidc.svg
[debug] [2025-07-22T11:20:25.944Z] [unzip] Entry: client/browserconfig.xml (compressed_size=491 bytes, uncompressed_size=822 bytes)
[debug] [2025-07-22T11:20:25.944Z] [unzip] Processing entry: client/browserconfig.xml
[debug] [2025-07-22T11:20:25.944Z] [unzip] else mkdir: /Users/phamhoang/.cache/firebase/emulators/ui-v1.15.0/client
[debug] [2025-07-22T11:20:25.944Z] [unzip] deflating: /Users/phamhoang/.cache/firebase/emulators/ui-v1.15.0/client/browserconfig.xml
[debug] [2025-07-22T11:20:25.945Z] [unzip] Entry: client/favicon-32x32.png (compressed_size=475 bytes, uncompressed_size=475 bytes)
[debug] [2025-07-22T11:20:25.945Z] [unzip] Processing entry: client/favicon-32x32.png
[debug] [2025-07-22T11:20:25.945Z] [unzip] else mkdir: /Users/phamhoang/.cache/firebase/emulators/ui-v1.15.0/client
[debug] [2025-07-22T11:20:25.945Z] [unzip] Writing file: /Users/phamhoang/.cache/firebase/emulators/ui-v1.15.0/client/favicon-32x32.png
[debug] [2025-07-22T11:20:25.947Z] [unzip] Entry: server/ (compressed_size=0 bytes, uncompressed_size=0 bytes)
[debug] [2025-07-22T11:20:25.947Z] [unzip] Processing entry: server/
[debug] [2025-07-22T11:20:25.947Z] [unzip] mkdir: /Users/phamhoang/.cache/firebase/emulators/ui-v1.15.0/server/
[debug] [2025-07-22T11:20:25.947Z] [unzip] Entry: server/server.mjs.map (compressed_size=217845 bytes, uncompressed_size=944978 bytes)
[debug] [2025-07-22T11:20:25.947Z] [unzip] Processing entry: server/server.mjs.map
[debug] [2025-07-22T11:20:25.947Z] [unzip] else mkdir: /Users/phamhoang/.cache/firebase/emulators/ui-v1.15.0/server
[debug] [2025-07-22T11:20:25.947Z] [unzip] deflating: /Users/phamhoang/.cache/firebase/emulators/ui-v1.15.0/server/server.mjs.map
[debug] [2025-07-22T11:20:25.950Z] [unzip] Entry: server/server.mjs (compressed_size=276407 bytes, uncompressed_size=933701 bytes)
[debug] [2025-07-22T11:20:25.950Z] [unzip] Processing entry: server/server.mjs
[debug] [2025-07-22T11:20:25.950Z] [unzip] else mkdir: /Users/phamhoang/.cache/firebase/emulators/ui-v1.15.0/server
[debug] [2025-07-22T11:20:25.950Z] [unzip] deflating: /Users/phamhoang/.cache/firebase/emulators/ui-v1.15.0/server/server.mjs
[debug] [2025-07-22T11:20:25.956Z] Could not find VSCode notification endpoint: FetchError: request to http://localhost:40001/vscode/notify failed, reason: . If you are not running the Firebase Data Connect VSCode extension, this is expected and not an issue.
[info] 
┌─────────────────────────────────────────────────────────────┐
│ ✔  All emulators ready! It is now safe to connect your app. │
│ i  View Emulator UI at http://127.0.0.1:4000/               │
└─────────────────────────────────────────────────────────────┘

┌───────────┬────────────────┬─────────────────────────────────┐
│ Emulator  │ Host:Port      │ View in Emulator UI             │
├───────────┼────────────────┼─────────────────────────────────┤
│ Firestore │ 127.0.0.1:8080 │ http://127.0.0.1:4000/firestore │
└───────────┴────────────────┴─────────────────────────────────┘
  Emulator Hub host: 127.0.0.1 port: 4400
  Other reserved ports: 4500, 9150

Issues? Report them at https://github.com/firebase/firebase-tools/issues and attach the *-debug.log files.
 
[debug] [2025-07-22T11:20:32.653Z] Jul 22, 2025 2:20:32 PM com.google.cloud.datastore.emulator.firestore.websocket.WebSocketChannelHandler initChannel
INFO: Connected to new websocket client
 {"metadata":{"emulator":{"name":"firestore"},"message":"Jul 22, 2025 2:20:32 PM com.google.cloud.datastore.emulator.firestore.websocket.WebSocketChannelHandler initChannel\nINFO: Connected to new websocket client\n"}}
[debug] [2025-07-22T11:20:37.458Z] Jul 22, 2025 2:20:37 PM com.google.cloud.datastore.emulator.firestore.websocket.WebSocketChannelHandler channelClosed
INFO: Websocket client disconnected
 {"metadata":{"emulator":{"name":"firestore"},"message":"Jul 22, 2025 2:20:37 PM com.google.cloud.datastore.emulator.firestore.websocket.WebSocketChannelHandler channelClosed\nINFO: Websocket client disconnected\n"}}
[debug] [2025-07-22T11:20:42.424Z] Jul 22, 2025 2:20:42 PM com.google.cloud.datastore.emulator.firestore.websocket.WebSocketChannelHandler initChannel
INFO: Connected to new websocket client
 {"metadata":{"emulator":{"name":"firestore"},"message":"Jul 22, 2025 2:20:42 PM com.google.cloud.datastore.emulator.firestore.websocket.WebSocketChannelHandler initChannel\nINFO: Connected to new websocket client\n"}}
